<?xml version="1.0" encoding="UTF-8"?>
<testng-results ignored="0" total="1" passed="1" failed="0" skipped="0">
  <reporter-output>
  </reporter-output>
  <suite started-at="2023-01-29T21:37:27 IST" name="Default suite" finished-at="2023-01-29T21:38:38 IST" duration-ms="71411">
    <groups>
    </groups>
    <test started-at="2023-01-29T21:37:27 IST" name="Default test" finished-at="2023-01-29T21:38:38 IST" duration-ms="71411">
      <class name="mobile.BanjaraRide">
        <test-method is-config="true" signature="Before()[pri:0, instance:mobile.BanjaraRide@3bf7ca37]" started-at="2023-01-29T21:37:27 IST" name="Before" finished-at="2023-01-29T21:37:28 IST" duration-ms="1176" status="PASS">
          <reporter-output>
          </reporter-output>
        </test-method> <!-- Before -->
        <test-method signature="Login()[pri:0, instance:mobile.BanjaraRide@3bf7ca37]" started-at="2023-01-29T21:37:28 IST" name="Login" finished-at="2023-01-29T21:38:31 IST" duration-ms="62502" status="PASS">
          <reporter-output>
          </reporter-output>
        </test-method> <!-- Login -->
        <test-method is-config="true" signature="End()[pri:0, instance:mobile.BanjaraRide@3bf7ca37]" started-at="2023-01-29T21:38:31 IST" name="End" finished-at="2023-01-29T21:38:38 IST" duration-ms="7466" status="PASS">
          <reporter-output>
          </reporter-output>
        </test-method> <!-- End -->
      </class> <!-- mobile.BanjaraRide -->
    </test> <!-- Default test -->
  </suite> <!-- Default suite -->
</testng-results>
